<?xml version="1.0" encoding="UTF-8"?>
<testsuite xmlns:xsi="http://www.w3.org/2001/XMLSchema-instance" xsi:noNamespaceSchemaLocation="https://maven.apache.org/surefire/maven-surefire-plugin/xsd/surefire-test-report.xsd" version="3.0.2" name="br.org.miauaumigos.backend.FlywayMigrationIntegrationTest" time="4.372" tests="1" errors="0" skipped="0" failures="0">
  <properties>
[...]
</properties>
  <testcase name="contextLoadsAndMigrationsRunSuccessfully" classname="br.org.miauaumigos.backend.FlywayMigrationIntegrationTest" time="0.015">
    <system-out><![CDATA[2025-12-20T13:23:16.857-03:00  INFO 6425 --- [Miau Aumigos - Backend Server] [           main] t.c.s.AnnotationConfigContextLoaderUtils : Could not detect default configuration classes for test class [br.org.miauaumigos.backend.FlywayMigrationIntegrationTest]: FlywayMigrationIntegrationTest does not declare any static, non-private, non-final, nested classes annotated with @Configuration.
2025-12-20T13:23:16.862-03:00  INFO 6425 --- [Miau Aumigos - Backend Server] [           main] .b.t.c.SpringBootTestContextBootstrapper : Found @SpringBootConfiguration br.org.miauaumigos.backend.MiauAumigosBackendServerApplication for test class br.org.miauaumigos.backend.FlywayMigrationIntegrationTest
2025-12-20T13:23:16.868-03:00  INFO 6425 --- [Miau Aumigos - Backend Server] [           main] tc.postgres:15-alpine                    : Creating container for image: postgres:15-alpine
2025-12-20T13:23:16.977-03:00  INFO 6425 --- [Miau Aumigos - Backend Server] [           main] tc.postgres:15-alpine                    : Container postgres:15-alpine is starting: a9aeb2f886b74c42e1091f9f4350be76610ae6a9bfd9b6272480d6d16e64a916
2025-12-20T13:23:18.847-03:00  INFO 6425 --- [Miau Aumigos - Backend Server] [           main] tc.postgres:15-alpine                    : Container postgres:15-alpine started in PT1.97845852S
2025-12-20T13:23:18.847-03:00  INFO 6425 --- [Miau Aumigos - Backend Server] [           main] tc.postgres:15-alpine                    : Container is started (JDBC URL: jdbc:postgresql://localhost:32770/test?loggerLevel=OFF)
2025-12-20T13:23:18.851-03:00  INFO 6425 --- [Miau Aumigos - Backend Server] [           main] o.s.b.d.r.RestartApplicationListener     : Restart disabled due to context in which it is running

  .   ____          _            __ _ _
 /\\ / ___'_ __ _ _(_)_ __  __ _ \ \ \ \
( ( )\___ | '_ | '_| | '_ \/ _` | \ \ \ \
 \\/  ___)| |_)| | | | | || (_| |  ) ) ) )
  '  |____| .__|_| |_|_| |_\__, | / / / /
 =========|_|==============|___/=/_/_/_/

 :: Spring Boot ::                (v3.5.3)

2025-12-20T13:23:18.886-03:00  INFO 6425 --- [Miau Aumigos - Backend Server] [           main] b.o.m.b.FlywayMigrationIntegrationTest   : Starting FlywayMigrationIntegrationTest using Java 21.0.8 with PID 6425 (started by pedro in /home/pedro/projetos/gestao-ong-miau)
2025-12-20T13:23:18.886-03:00  INFO 6425 --- [Miau Aumigos - Backend Server] [           main] b.o.m.b.FlywayMigrationIntegrationTest   : The following 1 profile is active: "local"
2025-12-20T13:23:19.263-03:00  INFO 6425 --- [Miau Aumigos - Backend Server] [           main] .s.d.r.c.RepositoryConfigurationDelegate : Bootstrapping Spring Data JPA repositories in DEFAULT mode.
2025-12-20T13:23:19.285-03:00  INFO 6425 --- [Miau Aumigos - Backend Server] [           main] .s.d.r.c.RepositoryConfigurationDelegate : Finished Spring Data repository scanning in 18 ms. Found 5 JPA repository interfaces.
2025-12-20T13:23:19.599-03:00  INFO 6425 --- [Miau Aumigos - Backend Server] [           main] com.zaxxer.hikari.HikariDataSource       : HikariPool-2 - Starting...
2025-12-20T13:23:19.646-03:00  INFO 6425 --- [Miau Aumigos - Backend Server] [           main] com.zaxxer.hikari.pool.HikariPool        : HikariPool-2 - Added connection org.postgresql.jdbc.PgConnection@52072c45
2025-12-20T13:23:19.647-03:00  INFO 6425 --- [Miau Aumigos - Backend Server] [           main] com.zaxxer.hikari.HikariDataSource       : HikariPool-2 - Start completed.
2025-12-20T13:23:19.653-03:00  INFO 6425 --- [Miau Aumigos - Backend Server] [           main] org.flywaydb.core.FlywayExecutor         : Database: jdbc:postgresql://localhost:32770/test?loggerLevel=OFF (PostgreSQL 15.15)
2025-12-20T13:23:19.690-03:00  INFO 6425 --- [Miau Aumigos - Backend Server] [           main] o.f.c.i.s.JdbcTableSchemaHistory         : Schema history table "public"."flyway_schema_history" does not exist yet
2025-12-20T13:23:19.692-03:00  INFO 6425 --- [Miau Aumigos - Backend Server] [           main] o.f.core.internal.command.DbValidate     : Successfully validated 14 migrations (execution time 00:00.019s)
2025-12-20T13:23:19.702-03:00  INFO 6425 --- [Miau Aumigos - Backend Server] [           main] org.flywaydb.core.Flyway                 : All configured schemas are empty; baseline operation skipped. A baseline or migration script with a lower version than the baseline version may execute if available. Check the Schemas parameter if this is not intended.
2025-12-20T13:23:19.705-03:00  INFO 6425 --- [Miau Aumigos - Backend Server] [           main] o.f.c.i.s.JdbcTableSchemaHistory         : Creating Schema History table "public"."flyway_schema_history" ...
2025-12-20T13:23:19.775-03:00  INFO 6425 --- [Miau Aumigos - Backend Server] [           main] o.f.core.internal.command.DbMigrate      : Current version of schema "public": << Empty Schema >>
2025-12-20T13:23:19.780-03:00  INFO 6425 --- [Miau Aumigos - Backend Server] [           main] o.f.core.internal.command.DbMigrate      : Migrating schema "public" to version "1 - create roles"
2025-12-20T13:23:19.811-03:00  INFO 6425 --- [Miau Aumigos - Backend Server] [           main] o.f.core.internal.command.DbMigrate      : Migrating schema "public" to version "2 - create tipo funcao enum"
2025-12-20T13:23:19.842-03:00  INFO 6425 --- [Miau Aumigos - Backend Server] [           main] o.f.core.internal.command.DbMigrate      : Migrating schema "public" to version "3 - create colaboradores"
2025-12-20T13:23:19.867-03:00  INFO 6425 --- [Miau Aumigos - Backend Server] [           main] o.f.core.internal.command.DbMigrate      : Migrating schema "public" to version "4 - create vinculos funcionais"
2025-12-20T13:23:19.894-03:00  INFO 6425 --- [Miau Aumigos - Backend Server] [           main] o.f.core.internal.command.DbMigrate      : Migrating schema "public" to version "5 - create colaboradores roles"
2025-12-20T13:23:19.928-03:00  INFO 6425 --- [Miau Aumigos - Backend Server] [           main] o.f.core.internal.command.DbMigrate      : Migrating schema "public" to version "6 - create especie animal enum"
2025-12-20T13:23:19.951-03:00  INFO 6425 --- [Miau Aumigos - Backend Server] [           main] o.f.core.internal.command.DbMigrate      : Migrating schema "public" to version "7 - create tipo evento animal enum"
2025-12-20T13:23:19.970-03:00  INFO 6425 --- [Miau Aumigos - Backend Server] [           main] o.f.core.internal.command.DbMigrate      : Migrating schema "public" to version "8 - create animal"
2025-12-20T13:23:19.989-03:00  INFO 6425 --- [Miau Aumigos - Backend Server] [           main] o.f.core.internal.command.DbMigrate      : Migrating schema "public" to version "9 - create evento animal"
2025-12-20T13:23:20.031-03:00  INFO 6425 --- [Miau Aumigos - Backend Server] [           main] o.f.core.internal.command.DbMigrate      : Migrating schema "public" to version "10 - create endereco"
2025-12-20T13:23:20.051-03:00  INFO 6425 --- [Miau Aumigos - Backend Server] [           main] o.f.core.internal.command.DbMigrate      : Migrating schema "public" to version "11 - create adotante"
2025-12-20T13:23:20.086-03:00  INFO 6425 --- [Miau Aumigos - Backend Server] [           main] o.f.core.internal.command.DbMigrate      : Migrating schema "public" to version "12 - create adocao"
2025-12-20T13:23:20.108-03:00  INFO 6425 --- [Miau Aumigos - Backend Server] [           main] o.f.core.internal.command.DbMigrate      : Migrating schema "public" to version "13 - add creation date to tables"
2025-12-20T13:23:20.112-03:00  WARN 6425 --- [Miau Aumigos - Backend Server] [           main] o.f.c.i.s.DefaultSqlScriptExecutor       : DB: column "data_criacao" of relation "colaboradores" already exists, skipping (SQL State: 42701 - Error Code: 0)
2025-12-20T13:23:20.118-03:00  WARN 6425 --- [Miau Aumigos - Backend Server] [           main] o.f.c.i.s.DefaultSqlScriptExecutor       : DB: column "data_criacao" of relation "animal" already exists, skipping (SQL State: 42701 - Error Code: 0)
2025-12-20T13:23:20.132-03:00  INFO 6425 --- [Miau Aumigos - Backend Server] [           main] o.f.core.internal.command.DbMigrate      : Migrating schema "public" to version "14 - create evento padrao table"
2025-12-20T13:23:20.147-03:00  INFO 6425 --- [Miau Aumigos - Backend Server] [           main] o.f.core.internal.command.DbMigrate      : Successfully applied 14 migrations to schema "public", now at version v14 (execution time 00:00.157s)
2025-12-20T13:23:20.200-03:00  INFO 6425 --- [Miau Aumigos - Backend Server] [           main] o.hibernate.jpa.internal.util.LogHelper  : HHH000204: Processing PersistenceUnitInfo [name: default]
2025-12-20T13:23:20.203-03:00  INFO 6425 --- [Miau Aumigos - Backend Server] [           main] o.h.c.internal.RegionFactoryInitiator    : HHH000026: Second-level cache disabled
2025-12-20T13:23:20.213-03:00  INFO 6425 --- [Miau Aumigos - Backend Server] [           main] o.s.o.j.p.SpringPersistenceUnitInfo      : No LoadTimeWeaver setup: ignoring JPA class transformer
2025-12-20T13:23:20.226-03:00  INFO 6425 --- [Miau Aumigos - Backend Server] [           main] org.hibernate.orm.connections.pooling    : HHH10001005: Database info:
	Database JDBC URL [Connecting through datasource 'HikariDataSource (HikariPool-2)']
	Database driver: undefined/unknown
	Database version: 15.15
	Autocommit mode: undefined/unknown
	Isolation level: undefined/unknown
	Minimum pool size: undefined/unknown
	Maximum pool size: undefined/unknown
2025-12-20T13:23:20.416-03:00  INFO 6425 --- [Miau Aumigos - Backend Server] [           main] o.h.e.t.j.p.i.JtaPlatformInitiator       : HHH000489: No JTA platform available (set 'hibernate.transaction.jta.platform' to enable JTA platform integration)
2025-12-20T13:23:20.454-03:00  INFO 6425 --- [Miau Aumigos - Backend Server] [           main] j.LocalContainerEntityManagerFactoryBean : Initialized JPA EntityManagerFactory for persistence unit 'default'
2025-12-20T13:23:20.675-03:00  INFO 6425 --- [Miau Aumigos - Backend Server] [           main] r$InitializeUserDetailsManagerConfigurer : Global AuthenticationManager configured with UserDetailsService bean with name colaboradorDetailsServiceImpl
2025-12-20T13:23:20.915-03:00  INFO 6425 --- [Miau Aumigos - Backend Server] [           main] b.o.m.b.FlywayMigrationIntegrationTest   : Started FlywayMigrationIntegrationTest in 2.064 seconds (process running for 107.474)
]]></system-out>
  </testcase>
</testsuite>