<?xml version="1.0" encoding="UTF-8"?>
<testsuite xmlns:xsi="http://www.w3.org/2001/XMLSchema-instance" xsi:noNamespaceSchemaLocation="https://maven.apache.org/surefire/maven-surefire-plugin/xsd/surefire-test-report.xsd" version="3.0.2" name="br.org.miauaumigos.backend.MiauAumigosBackendServerApplicationTests" time="102.63" tests="1" errors="0" skipped="0" failures="0">
  <properties>
[...]
</properties>
  <testcase name="contextLoads" classname="br.org.miauaumigos.backend.MiauAumigosBackendServerApplicationTests" time="0.535">
    <system-out><![CDATA[13:21:34.438 [main] INFO org.springframework.test.context.support.AnnotationConfigContextLoaderUtils -- Could not detect default configuration classes for test class [br.org.miauaumigos.backend.MiauAumigosBackendServerApplicationTests]: MiauAumigosBackendServerApplicationTests does not declare any static, non-private, non-final, nested classes annotated with @Configuration.
13:21:34.644 [main] INFO org.springframework.boot.test.context.SpringBootTestContextBootstrapper -- Found @SpringBootConfiguration br.org.miauaumigos.backend.MiauAumigosBackendServerApplication for test class br.org.miauaumigos.backend.MiauAumigosBackendServerApplicationTests
13:21:34.884 [main] INFO org.testcontainers.images.PullPolicy -- Image pull policy will be performed by: DefaultPullPolicy()
13:21:34.889 [main] INFO org.testcontainers.utility.ImageNameSubstitutor -- Image name substitution will be performed by: DefaultImageNameSubstitutor (composite of 'ConfigurationFileImageNameSubstitutor' and 'PrefixingImageNameSubstitutor')
13:21:34.954 [main] INFO org.testcontainers.DockerClientFactory -- Testcontainers version: 1.21.2
13:21:35.746 [main] INFO org.testcontainers.dockerclient.DockerClientProviderStrategy -- Found Docker environment with local Unix socket (unix:///var/run/docker.sock)
13:21:35.761 [main] INFO org.testcontainers.DockerClientFactory -- Docker host IP address is localhost
13:21:35.785 [main] INFO org.testcontainers.DockerClientFactory -- Connected to docker: 
  Server Version: 29.1.3
  API Version: 1.52
  Operating System: Ubuntu 24.04.3 LTS
  Total Memory: 15907 MB
13:21:35.933 [main] INFO tc.testcontainers/ryuk:0.12.0 -- Pulling docker image: testcontainers/ryuk:0.12.0. Please be patient; this may take some time but only needs to be done once.
13:21:35.939 [main] INFO org.testcontainers.utility.RegistryAuthLocator -- Failure when attempting to lookup auth config. Please ignore if you don't have images in an authenticated registry. Details: (dockerImageName: testcontainers/ryuk:latest, configFile: /home/pedro/.docker/config.json, configEnv: DOCKER_AUTH_CONFIG). Falling back to docker-java default behaviour. Exception message: Status 404: No config supplied. Checked in order: /home/pedro/.docker/config.json (file not found), DOCKER_AUTH_CONFIG (not set)
13:21:38.898 [docker-java-stream-1216067292] INFO tc.testcontainers/ryuk:0.12.0 -- Starting to pull image
13:21:38.945 [docker-java-stream-1216067292] INFO tc.testcontainers/ryuk:0.12.0 -- Pulling image layers:  0 pending,  0 downloaded,  0 extracted, (0 bytes/0 bytes)
13:21:42.067 [docker-java-stream-1216067292] INFO tc.testcontainers/ryuk:0.12.0 -- Pulling image layers:  2 pending,  1 downloaded,  0 extracted, (0 bytes/? MB)
13:21:44.870 [docker-java-stream-1216067292] INFO tc.testcontainers/ryuk:0.12.0 -- Pulling image layers:  1 pending,  2 downloaded,  0 extracted, (4 MB/? MB)
13:21:44.970 [docker-java-stream-1216067292] INFO tc.testcontainers/ryuk:0.12.0 -- Pulling image layers:  1 pending,  2 downloaded,  1 extracted, (4 MB/? MB)
13:21:45.168 [docker-java-stream-1216067292] INFO tc.testcontainers/ryuk:0.12.0 -- Pulling image layers:  1 pending,  2 downloaded,  2 extracted, (4 MB/? MB)
13:21:50.164 [docker-java-stream-1216067292] INFO tc.testcontainers/ryuk:0.12.0 -- Pulling image layers:  0 pending,  3 downloaded,  2 extracted, (10 MB/10 MB)
13:21:50.165 [docker-java-stream-1216067292] INFO tc.testcontainers/ryuk:0.12.0 -- Pulling image layers:  0 pending,  3 downloaded,  3 extracted, (10 MB/10 MB)
13:21:50.166 [docker-java-stream-1216067292] INFO tc.testcontainers/ryuk:0.12.0 -- Pull complete. 3 layers, pulled in 11s (downloaded 10 MB at 957 KB/s)
13:21:50.166 [main] INFO tc.testcontainers/ryuk:0.12.0 -- Image testcontainers/ryuk:0.12.0 pull took PT14.232902746S
13:21:50.234 [main] INFO tc.testcontainers/ryuk:0.12.0 -- Creating container for image: testcontainers/ryuk:0.12.0
13:21:50.874 [main] INFO tc.testcontainers/ryuk:0.12.0 -- Container testcontainers/ryuk:0.12.0 is starting: 46bd9583e41205c6b6e90135ad3f9f5a4c68a5c8fd56b9666114276b61309f0f
13:21:51.302 [main] INFO tc.testcontainers/ryuk:0.12.0 -- Container testcontainers/ryuk:0.12.0 started in PT1.067644295S
13:21:51.313 [main] INFO org.testcontainers.utility.RyukResourceReaper -- Ryuk started - will monitor and terminate Testcontainers containers on JVM exit
13:21:51.314 [main] INFO org.testcontainers.DockerClientFactory -- Checking the system...
13:21:51.314 [main] INFO org.testcontainers.DockerClientFactory -- ✔︎ Docker server version should be at least 1.6.0
13:21:51.321 [main] INFO tc.postgres:15-alpine -- Pulling docker image: postgres:15-alpine. Please be patient; this may take some time but only needs to be done once.
13:21:53.385 [docker-java-stream-1458215512] INFO tc.postgres:15-alpine -- Starting to pull image
13:21:53.386 [docker-java-stream-1458215512] INFO tc.postgres:15-alpine -- Pulling image layers:  0 pending,  0 downloaded,  0 extracted, (0 bytes/0 bytes)
13:21:57.571 [docker-java-stream-1458215512] INFO tc.postgres:15-alpine -- Pulling image layers: 11 pending,  1 downloaded,  0 extracted, (0 bytes/? MB)
13:21:58.276 [docker-java-stream-1458215512] INFO tc.postgres:15-alpine -- Pulling image layers: 10 pending,  2 downloaded,  0 extracted, (0 bytes/? MB)
13:21:58.277 [docker-java-stream-1458215512] INFO tc.postgres:15-alpine -- Pulling image layers: 10 pending,  3 downloaded,  0 extracted, (0 bytes/? MB)
13:21:58.278 [docker-java-stream-1458215512] INFO tc.postgres:15-alpine -- Pulling image layers:  9 pending,  4 downloaded,  0 extracted, (0 bytes/? MB)
13:21:58.671 [docker-java-stream-1458215512] INFO tc.postgres:15-alpine -- Pulling image layers:  8 pending,  5 downloaded,  0 extracted, (0 bytes/? MB)
13:21:58.671 [docker-java-stream-1458215512] INFO tc.postgres:15-alpine -- Pulling image layers:  7 pending,  6 downloaded,  0 extracted, (0 bytes/? MB)
13:21:58.871 [docker-java-stream-1458215512] INFO tc.postgres:15-alpine -- Pulling image layers:  6 pending,  7 downloaded,  0 extracted, (0 bytes/? MB)
13:21:58.873 [docker-java-stream-1458215512] INFO tc.postgres:15-alpine -- Pulling image layers:  5 pending,  8 downloaded,  0 extracted, (0 bytes/? MB)
13:21:58.972 [docker-java-stream-1458215512] INFO tc.postgres:15-alpine -- Pulling image layers:  4 pending,  9 downloaded,  0 extracted, (0 bytes/? MB)
13:21:59.074 [docker-java-stream-1458215512] INFO tc.postgres:15-alpine -- Pulling image layers:  3 pending, 10 downloaded,  0 extracted, (0 bytes/? MB)
13:21:59.574 [docker-java-stream-1458215512] INFO tc.postgres:15-alpine -- Pulling image layers:  2 pending, 11 downloaded,  0 extracted, (901 KB/? MB)
13:22:01.874 [docker-java-stream-1458215512] INFO tc.postgres:15-alpine -- Pulling image layers:  1 pending, 12 downloaded,  0 extracted, (4 MB/? MB)
13:22:02.080 [docker-java-stream-1458215512] INFO tc.postgres:15-alpine -- Pulling image layers:  1 pending, 12 downloaded,  1 extracted, (5 MB/? MB)
13:22:02.086 [docker-java-stream-1458215512] INFO tc.postgres:15-alpine -- Pulling image layers:  1 pending, 12 downloaded,  2 extracted, (5 MB/? MB)
13:22:02.171 [docker-java-stream-1458215512] INFO tc.postgres:15-alpine -- Pulling image layers:  1 pending, 12 downloaded,  3 extracted, (5 MB/? MB)
13:22:02.174 [docker-java-stream-1458215512] INFO tc.postgres:15-alpine -- Pulling image layers:  1 pending, 12 downloaded,  4 extracted, (5 MB/? MB)
13:22:02.176 [docker-java-stream-1458215512] INFO tc.postgres:15-alpine -- Pulling image layers:  1 pending, 12 downloaded,  5 extracted, (5 MB/? MB)
13:23:01.771 [docker-java-stream-1458215512] INFO tc.postgres:15-alpine -- Pulling image layers:  0 pending, 13 downloaded,  5 extracted, (103 MB/104 MB)
13:23:03.971 [docker-java-stream-1458215512] INFO tc.postgres:15-alpine -- Pulling image layers:  0 pending, 13 downloaded,  6 extracted, (103 MB/104 MB)
13:23:03.972 [docker-java-stream-1458215512] INFO tc.postgres:15-alpine -- Pulling image layers:  0 pending, 13 downloaded,  7 extracted, (103 MB/104 MB)
13:23:03.973 [docker-java-stream-1458215512] INFO tc.postgres:15-alpine -- Pulling image layers:  0 pending, 13 downloaded,  8 extracted, (103 MB/104 MB)
13:23:04.071 [docker-java-stream-1458215512] INFO tc.postgres:15-alpine -- Pulling image layers:  0 pending, 13 downloaded,  9 extracted, (103 MB/104 MB)
13:23:04.072 [docker-java-stream-1458215512] INFO tc.postgres:15-alpine -- Pulling image layers:  0 pending, 13 downloaded, 10 extracted, (103 MB/104 MB)
13:23:04.074 [docker-java-stream-1458215512] INFO tc.postgres:15-alpine -- Pulling image layers:  0 pending, 13 downloaded, 11 extracted, (103 MB/104 MB)
13:23:04.089 [main] INFO tc.postgres:15-alpine -- Image postgres:15-alpine pull took PT1M12.767494699S
13:23:04.089 [docker-java-stream-1458215512] INFO tc.postgres:15-alpine -- Pull complete. 13 layers, pulled in 70s (downloaded 103 MB at 1 MB/s)
13:23:04.152 [main] INFO tc.postgres:15-alpine -- Creating container for image: postgres:15-alpine
13:23:05.273 [main] INFO tc.postgres:15-alpine -- Container postgres:15-alpine is starting: c2e05bb16d2e61b9534fb391ee2eadd91044364010aa51064b6ed9dcd0ac5a18
13:23:07.093 [main] INFO tc.postgres:15-alpine -- Container postgres:15-alpine started in PT2.941201197S
13:23:07.094 [main] INFO tc.postgres:15-alpine -- Container is started (JDBC URL: jdbc:postgresql://localhost:32769/test?loggerLevel=OFF)
13:23:07.203 [main] INFO org.springframework.boot.devtools.restart.RestartApplicationListener -- Restart disabled due to context in which it is running

  .   ____          _            __ _ _
 /\\ / ___'_ __ _ _(_)_ __  __ _ \ \ \ \
( ( )\___ | '_ | '_| | '_ \/ _` | \ \ \ \
 \\/  ___)| |_)| | | | | || (_| |  ) ) ) )
  '  |____| .__|_| |_|_| |_\__, | / / / /
 =========|_|==============|___/=/_/_/_/

 :: Spring Boot ::                (v3.5.3)

2025-12-20T13:23:07.673-03:00  INFO 6425 --- [Miau Aumigos - Backend Server] [           main] MiauAumigosBackendServerApplicationTests : Starting MiauAumigosBackendServerApplicationTests using Java 21.0.8 with PID 6425 (started by pedro in /home/pedro/projetos/gestao-ong-miau)
2025-12-20T13:23:07.678-03:00  INFO 6425 --- [Miau Aumigos - Backend Server] [           main] MiauAumigosBackendServerApplicationTests : The following 1 profile is active: "local"
2025-12-20T13:23:09.063-03:00  INFO 6425 --- [Miau Aumigos - Backend Server] [           main] .s.d.r.c.RepositoryConfigurationDelegate : Bootstrapping Spring Data JPA repositories in DEFAULT mode.
2025-12-20T13:23:09.202-03:00  INFO 6425 --- [Miau Aumigos - Backend Server] [           main] .s.d.r.c.RepositoryConfigurationDelegate : Finished Spring Data repository scanning in 115 ms. Found 5 JPA repository interfaces.
2025-12-20T13:23:10.335-03:00  INFO 6425 --- [Miau Aumigos - Backend Server] [           main] com.zaxxer.hikari.HikariDataSource       : HikariPool-1 - Starting...
2025-12-20T13:23:10.650-03:00  INFO 6425 --- [Miau Aumigos - Backend Server] [           main] com.zaxxer.hikari.pool.HikariPool        : HikariPool-1 - Added connection org.postgresql.jdbc.PgConnection@54556723
2025-12-20T13:23:10.652-03:00  INFO 6425 --- [Miau Aumigos - Backend Server] [           main] com.zaxxer.hikari.HikariDataSource       : HikariPool-1 - Start completed.
2025-12-20T13:23:10.707-03:00  INFO 6425 --- [Miau Aumigos - Backend Server] [           main] org.flywaydb.core.FlywayExecutor         : Database: jdbc:postgresql://localhost:32769/test?loggerLevel=OFF (PostgreSQL 15.15)
2025-12-20T13:23:10.832-03:00  INFO 6425 --- [Miau Aumigos - Backend Server] [           main] o.f.c.i.s.JdbcTableSchemaHistory         : Schema history table "public"."flyway_schema_history" does not exist yet
2025-12-20T13:23:10.843-03:00  INFO 6425 --- [Miau Aumigos - Backend Server] [           main] o.f.core.internal.command.DbValidate     : Successfully validated 14 migrations (execution time 00:00.091s)
2025-12-20T13:23:10.866-03:00  INFO 6425 --- [Miau Aumigos - Backend Server] [           main] org.flywaydb.core.Flyway                 : All configured schemas are empty; baseline operation skipped. A baseline or migration script with a lower version than the baseline version may execute if available. Check the Schemas parameter if this is not intended.
2025-12-20T13:23:10.876-03:00  INFO 6425 --- [Miau Aumigos - Backend Server] [           main] o.f.c.i.s.JdbcTableSchemaHistory         : Creating Schema History table "public"."flyway_schema_history" ...
2025-12-20T13:23:11.013-03:00  INFO 6425 --- [Miau Aumigos - Backend Server] [           main] o.f.core.internal.command.DbMigrate      : Current version of schema "public": << Empty Schema >>
2025-12-20T13:23:11.035-03:00  INFO 6425 --- [Miau Aumigos - Backend Server] [           main] o.f.core.internal.command.DbMigrate      : Migrating schema "public" to version "1 - create roles"
2025-12-20T13:23:11.084-03:00  INFO 6425 --- [Miau Aumigos - Backend Server] [           main] o.f.core.internal.command.DbMigrate      : Migrating schema "public" to version "2 - create tipo funcao enum"
2025-12-20T13:23:11.112-03:00  INFO 6425 --- [Miau Aumigos - Backend Server] [           main] o.f.core.internal.command.DbMigrate      : Migrating schema "public" to version "3 - create colaboradores"
2025-12-20T13:23:11.155-03:00  INFO 6425 --- [Miau Aumigos - Backend Server] [           main] o.f.core.internal.command.DbMigrate      : Migrating schema "public" to version "4 - create vinculos funcionais"
2025-12-20T13:23:11.201-03:00  INFO 6425 --- [Miau Aumigos - Backend Server] [           main] o.f.core.internal.command.DbMigrate      : Migrating schema "public" to version "5 - create colaboradores roles"
2025-12-20T13:23:11.247-03:00  INFO 6425 --- [Miau Aumigos - Backend Server] [           main] o.f.core.internal.command.DbMigrate      : Migrating schema "public" to version "6 - create especie animal enum"
2025-12-20T13:23:11.272-03:00  INFO 6425 --- [Miau Aumigos - Backend Server] [           main] o.f.core.internal.command.DbMigrate      : Migrating schema "public" to version "7 - create tipo evento animal enum"
2025-12-20T13:23:11.316-03:00  INFO 6425 --- [Miau Aumigos - Backend Server] [           main] o.f.core.internal.command.DbMigrate      : Migrating schema "public" to version "8 - create animal"
2025-12-20T13:23:11.386-03:00  INFO 6425 --- [Miau Aumigos - Backend Server] [           main] o.f.core.internal.command.DbMigrate      : Migrating schema "public" to version "9 - create evento animal"
2025-12-20T13:23:11.416-03:00  INFO 6425 --- [Miau Aumigos - Backend Server] [           main] o.f.core.internal.command.DbMigrate      : Migrating schema "public" to version "10 - create endereco"
2025-12-20T13:23:11.453-03:00  INFO 6425 --- [Miau Aumigos - Backend Server] [           main] o.f.core.internal.command.DbMigrate      : Migrating schema "public" to version "11 - create adotante"
2025-12-20T13:23:11.472-03:00  INFO 6425 --- [Miau Aumigos - Backend Server] [           main] o.f.core.internal.command.DbMigrate      : Migrating schema "public" to version "12 - create adocao"
2025-12-20T13:23:11.525-03:00  INFO 6425 --- [Miau Aumigos - Backend Server] [           main] o.f.core.internal.command.DbMigrate      : Migrating schema "public" to version "13 - add creation date to tables"
2025-12-20T13:23:11.551-03:00  WARN 6425 --- [Miau Aumigos - Backend Server] [           main] o.f.c.i.s.DefaultSqlScriptExecutor       : DB: column "data_criacao" of relation "colaboradores" already exists, skipping (SQL State: 42701 - Error Code: 0)
2025-12-20T13:23:11.558-03:00  WARN 6425 --- [Miau Aumigos - Backend Server] [           main] o.f.c.i.s.DefaultSqlScriptExecutor       : DB: column "data_criacao" of relation "animal" already exists, skipping (SQL State: 42701 - Error Code: 0)
2025-12-20T13:23:11.579-03:00  INFO 6425 --- [Miau Aumigos - Backend Server] [           main] o.f.core.internal.command.DbMigrate      : Migrating schema "public" to version "14 - create evento padrao table"
2025-12-20T13:23:11.607-03:00  INFO 6425 --- [Miau Aumigos - Backend Server] [           main] o.f.core.internal.command.DbMigrate      : Successfully applied 14 migrations to schema "public", now at version v14 (execution time 00:00.238s)
2025-12-20T13:23:11.830-03:00  INFO 6425 --- [Miau Aumigos - Backend Server] [           main] o.hibernate.jpa.internal.util.LogHelper  : HHH000204: Processing PersistenceUnitInfo [name: default]
2025-12-20T13:23:11.931-03:00  INFO 6425 --- [Miau Aumigos - Backend Server] [           main] org.hibernate.Version                    : HHH000412: Hibernate ORM core version 6.6.18.Final
2025-12-20T13:23:11.985-03:00  INFO 6425 --- [Miau Aumigos - Backend Server] [           main] o.h.c.internal.RegionFactoryInitiator    : HHH000026: Second-level cache disabled
2025-12-20T13:23:12.474-03:00  INFO 6425 --- [Miau Aumigos - Backend Server] [           main] o.s.o.j.p.SpringPersistenceUnitInfo      : No LoadTimeWeaver setup: ignoring JPA class transformer
2025-12-20T13:23:12.583-03:00  INFO 6425 --- [Miau Aumigos - Backend Server] [           main] org.hibernate.orm.connections.pooling    : HHH10001005: Database info:
	Database JDBC URL [Connecting through datasource 'HikariDataSource (HikariPool-1)']
	Database driver: undefined/unknown
	Database version: 15.15
	Autocommit mode: undefined/unknown
	Isolation level: undefined/unknown
	Minimum pool size: undefined/unknown
	Maximum pool size: undefined/unknown
2025-12-20T13:23:14.046-03:00  INFO 6425 --- [Miau Aumigos - Backend Server] [           main] o.h.e.t.j.p.i.JtaPlatformInitiator       : HHH000489: No JTA platform available (set 'hibernate.transaction.jta.platform' to enable JTA platform integration)
2025-12-20T13:23:14.114-03:00  INFO 6425 --- [Miau Aumigos - Backend Server] [           main] j.LocalContainerEntityManagerFactoryBean : Initialized JPA EntityManagerFactory for persistence unit 'default'
2025-12-20T13:23:15.140-03:00  INFO 6425 --- [Miau Aumigos - Backend Server] [           main] r$InitializeUserDetailsManagerConfigurer : Global AuthenticationManager configured with UserDetailsService bean with name colaboradorDetailsServiceImpl
2025-12-20T13:23:15.944-03:00  INFO 6425 --- [Miau Aumigos - Backend Server] [           main] MiauAumigosBackendServerApplicationTests : Started MiauAumigosBackendServerApplicationTests in 8.76 seconds (process running for 102.503)
]]></system-out>
    <system-err><![CDATA[Mockito is currently self-attaching to enable the inline-mock-maker. This will no longer work in future releases of the JDK. Please add Mockito as an agent to your build as described in Mockito's documentation: https://javadoc.io/doc/org.mockito/mockito-core/latest/org.mockito/org/mockito/Mockito.html#0.3
WARNING: A Java agent has been loaded dynamically (/home/pedro/.m2/repository/net/bytebuddy/byte-buddy-agent/1.17.6/byte-buddy-agent-1.17.6.jar)
WARNING: If a serviceability tool is in use, please run with -XX:+EnableDynamicAgentLoading to hide this warning
WARNING: If a serviceability tool is not in use, please run with -Djdk.instrument.traceUsage for more information
WARNING: Dynamic loading of agents will be disallowed by default in a future release
]]></system-err>
  </testcase>
</testsuite>